[2025-11-26T18:13:42.140Z] [ACTION] REGISTER_SUCCESS: {"username":"test","role":"researcher"}
[2025-11-26T18:13:56.956Z] [ACTION] LOGIN_SUCCESS: {"username":"test","role":"researcher"}
[2025-11-26T18:14:20.636Z] [ACTION] LOGIN_FAILED: {"username":"admin","reason":"Invalid password"}
[2025-11-26T18:14:28.661Z] [ACTION] LOGIN_FAILED: {"username":"admin","reason":"Invalid password"}
[2025-11-26T18:16:20.200Z] [ACTION] LOGIN_FAILED: {"username":"admin","reason":"Invalid password"}
[2025-11-26T18:18:14.123Z] [ACTION] LOGIN_FAILED: {"username":"admin","reason":"Invalid password"}
[2025-11-26T18:18:20.264Z] [ACTION] LOGIN_SUCCESS: {"username":"test","role":"researcher"}
[2025-11-26T19:22:08.878Z] [ACTION] LOGIN_FAILED: {"username":"admin","reason":"Invalid password"}
[2025-11-26T19:22:11.076Z] [ACTION] LOGIN_FAILED: {"username":"admin","reason":"Invalid password"}
[2025-11-26T19:22:18.581Z] [ACTION] LOGIN_FAILED: {"username":"admin","reason":"Invalid password"}
[2025-11-26T19:22:20.211Z] [ACTION] LOGIN_FAILED: {"username":"admin","reason":"Invalid password"}
[2025-11-26T19:24:51.076Z] [ACTION] LOGIN_FAILED: {"username":"test","reason":"Invalid password"}
[2025-11-26T19:24:53.225Z] [ACTION] LOGIN_SUCCESS: {"username":"test","role":"researcher"}
[2025-11-26T19:25:07.016Z] [ACTION] LOGIN_SUCCESS: {"username":"test","role":"researcher"}
[2025-11-26T19:27:25.659Z] [ACTION] LOGIN_SUCCESS: {"username":"test","role":"researcher"}
[2025-11-26T19:27:59.816Z] [ACTION] LOGIN_SUCCESS: {"username":"test","role":"admin"}
[2025-11-26T19:28:19.529Z] [ACTION] LOGIN_SUCCESS: {"username":"test","role":"admin"}
[2025-11-26T20:00:19.739Z] [ACTION] LOGIN_SUCCESS: {"username":"test","role":"admin"}
[2025-11-26T20:46:32.249Z] [ACTION] LOGIN_SUCCESS: {"username":"test","role":"admin"}
[2025-11-26T20:50:00.226Z] [ACTION] LOGIN_SUCCESS: {"username":"test","role":"admin"}
[2025-11-27T08:48:45.971Z] [ACTION] LOGIN_SUCCESS: {"username":"test","role":"admin"}
[2025-11-27T09:36:34.443Z] [ACTION] LOGIN_SUCCESS: {"username":"test","role":"admin"}
[2025-11-27T09:41:57.043Z] [ACTION] REGISTER_SUCCESS: {"username":"Xiang","role":"guest"}
[2025-11-27T09:42:06.938Z] [ACTION] LOGIN_FAILED: {"username":"xiang","reason":"User not found"}
[2025-11-27T09:42:28.294Z] [ACTION] LOGIN_FAILED: {"username":"Xiang","reason":"Invalid password"}
[2025-11-27T09:42:37.418Z] [ACTION] LOGIN_SUCCESS: {"username":"Xiang","role":"guest"}
[2025-11-27T09:43:19.766Z] [ACTION] LOGIN_FAILED: {"username":"Xiang","reason":"Invalid password"}
[2025-11-27T09:43:23.906Z] [ACTION] LOGIN_SUCCESS: {"username":"Xiang","role":"admin"}
[2025-11-27T09:43:37.938Z] [ACTION] USER_UPDATED: {"admin":"Xiang","targetId":"1","updates":{"role":"guest","passwordChanged":false}}
[2025-11-27T09:43:43.565Z] [ACTION] USER_DELETED: {"admin":"Xiang","targetId":"1"}
[2025-11-27T18:28:44.991Z] [ACTION] LOGIN_SUCCESS: {"username":"Xiang","role":"admin"}
[2025-11-27T18:32:15.518Z] [ACTION] LOGIN_SUCCESS: {"username":"Xiang","role":"admin"}
[2025-11-27T18:35:53.831Z] [ACTION] LOGIN_FAILED: {"username":"xiang","reason":"User not found"}
[2025-11-27T18:35:58.252Z] [ACTION] LOGIN_FAILED: {"username":"xiang","reason":"User not found"}
[2025-11-27T18:36:16.180Z] [ACTION] LOGIN_SUCCESS: {"username":"Xiang","role":"admin"}
[2025-11-27T18:55:42.191Z] [ACTION] LOGIN_SUCCESS: {"username":"Xiang","role":"admin"}
[2025-11-27T19:39:35.822Z] [ACTION] LOGIN_SUCCESS: {"username":"Xiang","role":"admin"}
[2025-11-27T19:57:42.582Z] [ACTION] LOGIN_FAILED: {"username":"Xiang","reason":"Invalid password"}
[2025-11-27T19:57:45.260Z] [ACTION] LOGIN_SUCCESS: {"username":"Xiang","role":"admin"}
[2025-11-27T20:09:45.869Z] [ACTION] LOGIN_SUCCESS: {"username":"Xiang","role":"admin"}
[2025-11-27T20:15:57.224Z] [ACTION] LOGIN_SUCCESS: {"username":"Xiang","role":"admin"}
[2025-11-28T08:30:08.312Z] [ACTION] LOGIN_FAILED: {"username":"Xiang","reason":"Invalid password"}
[2025-11-28T08:30:11.350Z] [ACTION] LOGIN_SUCCESS: {"username":"Xiang","role":"admin"}
[2025-11-28T08:36:59.065Z] [ACTION] LOGIN_FAILED: {"username":"Xiang","reason":"Invalid password"}
[2025-11-28T08:37:03.461Z] [ACTION] LOGIN_FAILED: {"username":"Xiang","reason":"Invalid password"}
[2025-11-28T08:37:08.232Z] [ACTION] LOGIN_SUCCESS: {"username":"Xiang","role":"admin"}
[2025-11-28T11:36:24.810Z] [ACTION] LOGIN_FAILED: {"username":"Xiang","reason":"Invalid password"}
[2025-11-28T11:36:27.793Z] [ACTION] LOGIN_SUCCESS: {"username":"Xiang","role":"admin"}
[2025-11-28T11:52:00.817Z] [ACTION] LOGIN_FAILED: {"username":"Xiang","reason":"Invalid password"}
[2025-11-28T11:52:05.206Z] [ACTION] LOGIN_SUCCESS: {"username":"Xiang","role":"admin"}
[2025-11-28T12:01:14.139Z] [ACTION] LOGIN_FAILED: {"username":"Xiang","reason":"Invalid password"}
[2025-11-28T12:01:17.740Z] [ACTION] LOGIN_SUCCESS: {"username":"Xiang","role":"admin"}
[2025-11-28T12:02:20.354Z] [ACTION] LOGIN_SUCCESS: {"username":"Xiang","role":"admin"}
[2025-11-28T12:03:03.310Z] [ACTION] LOGIN_SUCCESS: {"username":"Xiang","role":"admin"}
[2025-11-28T12:05:22.194Z] [ACTION] LOGIN_SUCCESS: {"username":"Xiang","role":"admin"}
[2025-11-28T12:11:57.101Z] [ACTION] LOGIN_SUCCESS: {"username":"Xiang","role":"admin"}
[2025-11-28T12:19:41.924Z] [ACTION] LOGIN_SUCCESS: {"username":"Xiang","role":"admin"}
[2025-11-28T13:56:32.364Z] [ACTION] LOGIN_SUCCESS: {"username":"Xiang","role":"admin"}
[2025-11-28T14:00:45.346Z] [ACTION] LOGIN_SUCCESS: {"username":"Xiang","role":"admin"}
[2025-11-28T14:01:17.406Z] [ACTION] USER_UPDATED: {"admin":"Xiang","targetId":"4","updates":{"role":"guest","passwordChanged":false}}
[2025-11-28T14:01:18.496Z] [ACTION] USER_UPDATED: {"admin":"Xiang","targetId":"4","updates":{"role":"admin","passwordChanged":false}}
[2025-11-28T15:46:33.049Z] [ACTION] LOGIN_SUCCESS: {"username":"Xiang","role":"admin"}
